Determining if the pthread_create exist failed with the following output:
Change Dir: /home/mro95/projects/control-the-chaos/build/CMakeFiles/CMakeTmp

Run Build Command:"/usr/bin/make" "cmTC_6219c/fast"
/usr/bin/make -f CMakeFiles/cmTC_6219c.dir/build.make CMakeFiles/cmTC_6219c.dir/build
make[1]: Entering directory '/home/mro95/projects/control-the-chaos/build/CMakeFiles/CMakeTmp'
Building C object CMakeFiles/cmTC_6219c.dir/CheckSymbolExists.c.o
/usr/bin/cc    -o CMakeFiles/cmTC_6219c.dir/CheckSymbolExists.c.o   -c /home/mro95/projects/control-the-chaos/build/CMakeFiles/CMakeTmp/CheckSymbolExists.c
Linking C executable cmTC_6219c
/usr/bin/cmake -E cmake_link_script CMakeFiles/cmTC_6219c.dir/link.txt --verbose=1
/usr/bin/cc       CMakeFiles/cmTC_6219c.dir/CheckSymbolExists.c.o  -o cmTC_6219c -rdynamic 
CMakeFiles/cmTC_6219c.dir/CheckSymbolExists.c.o: In function `main':
CheckSymbolExists.c:(.text+0x16): undefined reference to `pthread_create'
collect2: error: ld returned 1 exit status
CMakeFiles/cmTC_6219c.dir/build.make:97: recipe for target 'cmTC_6219c' failed
make[1]: Leaving directory '/home/mro95/projects/control-the-chaos/build/CMakeFiles/CMakeTmp'
make[1]: *** [cmTC_6219c] Error 1
Makefile:126: recipe for target 'cmTC_6219c/fast' failed
make: *** [cmTC_6219c/fast] Error 2

File /home/mro95/projects/control-the-chaos/build/CMakeFiles/CMakeTmp/CheckSymbolExists.c:
/* */
#include <pthread.h>

int main(int argc, char** argv)
{
  (void)argv;
#ifndef pthread_create
  return ((int*)(&pthread_create))[argc];
#else
  (void)argc;
  return 0;
#endif
}

Determining if the function pthread_create exists in the pthreads failed with the following output:
Change Dir: /home/mro95/projects/control-the-chaos/build/CMakeFiles/CMakeTmp

Run Build Command:"/usr/bin/make" "cmTC_d67ee/fast"
/usr/bin/make -f CMakeFiles/cmTC_d67ee.dir/build.make CMakeFiles/cmTC_d67ee.dir/build
make[1]: Entering directory '/home/mro95/projects/control-the-chaos/build/CMakeFiles/CMakeTmp'
Building C object CMakeFiles/cmTC_d67ee.dir/CheckFunctionExists.c.o
/usr/bin/cc   -DCHECK_FUNCTION_EXISTS=pthread_create   -o CMakeFiles/cmTC_d67ee.dir/CheckFunctionExists.c.o   -c /usr/share/cmake-3.3/Modules/CheckFunctionExists.c
Linking C executable cmTC_d67ee
/usr/bin/cmake -E cmake_link_script CMakeFiles/cmTC_d67ee.dir/link.txt --verbose=1
/usr/bin/cc   -DCHECK_FUNCTION_EXISTS=pthread_create    CMakeFiles/cmTC_d67ee.dir/CheckFunctionExists.c.o  -o cmTC_d67ee -rdynamic -lpthreads 
/usr/bin/ld: cannot find -lpthreads
collect2: error: ld returned 1 exit status
CMakeFiles/cmTC_d67ee.dir/build.make:97: recipe for target 'cmTC_d67ee' failed
make[1]: Leaving directory '/home/mro95/projects/control-the-chaos/build/CMakeFiles/CMakeTmp'
make[1]: *** [cmTC_d67ee] Error 1
Makefile:126: recipe for target 'cmTC_d67ee/fast' failed
make: *** [cmTC_d67ee/fast] Error 2


